[2021-03-24 19:27:29,209] [INFO]: INITIALIZING URS.
[2021-03-24 19:27:29,210] [INFO]: 
[2021-03-24 19:27:30,361] [INFO]: RATE LIMIT DISPLAYED.
[2021-03-24 19:27:30,362] [INFO]: Remaining requests: 597
[2021-03-24 19:27:30,363] [INFO]: Used requests: 3
[2021-03-24 19:27:30,363] [INFO]: 
[2021-03-24 19:27:30,478] [INFO]: Successfully logged in as u/urs_project.
[2021-03-24 19:27:30,480] [INFO]: 
[2021-03-24 19:27:30,485] [INFO]: RUNNING SUBREDDIT SCRAPER.
[2021-03-24 19:27:30,486] [INFO]: 
[2021-03-24 19:27:30,581] [INFO]: Validating Subreddit(s)...
[2021-03-24 19:27:30,582] [INFO]: 
[2021-03-24 19:27:33,354] [INFO]: Scraping r/askreddit for 100 Hot results...
[2021-03-24 19:27:33,354] [INFO]: 
[2021-03-24 19:27:33,355] [INFO]: SUBREDDIT SCRAPER FINISHED IN 2.87 SECONDS.
[2021-03-24 19:27:33,355] [INFO]: 
[2021-03-24 19:27:33,355] [INFO]: Exporting to JSON.
[2021-03-24 19:27:33,355] [INFO]: 
[2021-03-24 19:27:33,355] [INFO]: URS COMPLETED IN 4.15 SECONDS.

[2021-03-24 19:28:16,377] [INFO]: INITIALIZING URS.
[2021-03-24 19:28:16,377] [INFO]: 
[2021-03-24 19:28:17,336] [INFO]: RATE LIMIT DISPLAYED.
[2021-03-24 19:28:17,337] [INFO]: Remaining requests: 594
[2021-03-24 19:28:17,337] [INFO]: Used requests: 6
[2021-03-24 19:28:17,337] [INFO]: 
[2021-03-24 19:28:17,462] [INFO]: Successfully logged in as u/urs_project.
[2021-03-24 19:28:17,463] [INFO]: 
[2021-03-24 19:28:17,463] [INFO]: RUNNING REDDITOR SCRAPER.
[2021-03-24 19:28:17,464] [INFO]: 
[2021-03-24 19:28:17,658] [INFO]: Validating Redditor(s)...
[2021-03-24 19:28:17,662] [INFO]: 
[2021-03-24 19:29:24,228] [INFO]: Scraping 5 results for u/spez...
[2021-03-24 19:29:24,232] [INFO]: 
[2021-03-24 19:29:24,234] [INFO]: REDDITOR SCRAPER FINISHED IN 66.77 SECONDS.
[2021-03-24 19:29:24,236] [INFO]: 
[2021-03-24 19:29:24,237] [INFO]: Exporting to JSON.
[2021-03-24 19:29:24,239] [INFO]: 
[2021-03-24 19:29:24,240] [INFO]: URS COMPLETED IN 67.86 SECONDS.

[2021-03-24 19:33:11,630] [INFO]: INITIALIZING URS.
[2021-03-24 19:33:11,630] [INFO]: 
[2021-03-24 19:33:12,805] [INFO]: RATE LIMIT DISPLAYED.
[2021-03-24 19:33:12,806] [INFO]: Remaining requests: 599
[2021-03-24 19:33:12,806] [INFO]: Used requests: 1
[2021-03-24 19:33:12,806] [INFO]: 
[2021-03-24 19:33:12,897] [INFO]: Successfully logged in as u/urs_project.
[2021-03-24 19:33:12,898] [INFO]: 
[2021-03-24 19:33:12,898] [INFO]: RUNNING COMMENTS SCRAPER.
[2021-03-24 19:33:12,898] [INFO]: 
[2021-03-24 19:33:13,004] [INFO]: Validating submission(s)...
[2021-03-24 19:33:13,005] [INFO]: 
[2021-03-24 19:33:56,115] [INFO]: Exporting all comments in structured format.
[2021-03-24 19:33:56,475] [INFO]: Processing all comments from Reddit post https://www.reddit.com/r/AskReddit/comments/mbtjq7/if_youre_belly_button_was_a_real_button_what/...
[2021-03-24 19:33:56,475] [INFO]: 
[2021-03-24 19:33:56,476] [INFO]: COMMENTS SCRAPER FINISHED IN 43.58 SECONDS.
[2021-03-24 19:33:56,477] [INFO]: 
[2021-03-24 19:33:56,477] [INFO]: Exporting to JSON.
[2021-03-24 19:33:56,477] [INFO]: 
[2021-03-24 19:33:56,481] [INFO]: URS COMPLETED IN 44.85 SECONDS.

[2021-03-24 19:34:29,657] [INFO]: INITIALIZING URS.
[2021-03-24 19:34:29,658] [INFO]: 
[2021-03-24 19:34:30,676] [INFO]: RATE LIMIT DISPLAYED.
[2021-03-24 19:34:30,682] [INFO]: Remaining requests: 499
[2021-03-24 19:34:30,683] [INFO]: Used requests: 101
[2021-03-24 19:34:30,683] [INFO]: 
[2021-03-24 19:34:30,751] [INFO]: Successfully logged in as u/urs_project.
[2021-03-24 19:34:30,755] [INFO]: 
[2021-03-24 19:34:30,756] [INFO]: RUNNING COMMENTS SCRAPER.
[2021-03-24 19:34:30,756] [INFO]: 
[2021-03-24 19:34:30,828] [INFO]: Validating submission(s)...
[2021-03-24 19:34:30,829] [INFO]: 
[2021-03-24 19:34:59,358] [INFO]: Exporting all comments in raw format.
[2021-03-24 19:34:59,679] [INFO]: Processing all comments from Reddit post https://www.reddit.com/r/AskReddit/comments/mbtjq7/if_youre_belly_button_was_a_real_button_what/...
[2021-03-24 19:34:59,686] [INFO]: 
[2021-03-24 19:34:59,687] [INFO]: COMMENTS SCRAPER FINISHED IN 28.93 SECONDS.
[2021-03-24 19:34:59,689] [INFO]: 
[2021-03-24 19:34:59,689] [INFO]: Exporting to JSON.
[2021-03-24 19:34:59,690] [INFO]: 
[2021-03-24 19:34:59,690] [INFO]: URS COMPLETED IN 30.03 SECONDS.

[2021-03-24 19:35:45,198] [INFO]: INITIALIZING URS.
[2021-03-24 19:35:45,198] [INFO]: 
[2021-03-24 19:35:46,739] [INFO]: RATE LIMIT DISPLAYED.
[2021-03-24 19:35:46,740] [INFO]: Remaining requests: 399
[2021-03-24 19:35:46,740] [INFO]: Used requests: 201
[2021-03-24 19:35:46,740] [INFO]: 
[2021-03-24 19:35:46,814] [INFO]: Successfully logged in as u/urs_project.
[2021-03-24 19:35:46,818] [INFO]: 
[2021-03-24 19:35:46,819] [INFO]: RUNNING SUBREDDIT SCRAPER.
[2021-03-24 19:35:46,820] [INFO]: 
[2021-03-24 19:35:46,896] [INFO]: Validating Subreddit(s)...
[2021-03-24 19:35:46,898] [INFO]: 
[2021-03-24 19:35:48,901] [INFO]: Getting posts from the past year for Search results.
[2021-03-24 19:35:48,907] [INFO]: Searching and scraping r/cscareerquestions for posts containing 'job'...
[2021-03-24 19:35:48,912] [INFO]: 
[2021-03-24 19:35:48,912] [INFO]: SUBREDDIT SCRAPER FINISHED IN 2.09 SECONDS.
[2021-03-24 19:35:48,913] [INFO]: 
[2021-03-24 19:35:48,914] [INFO]: Exporting to JSON.
[2021-03-24 19:35:48,914] [INFO]: 
[2021-03-24 19:35:48,914] [INFO]: URS COMPLETED IN 3.72 SECONDS.

[2021-03-24 19:36:14,539] [INFO]: INITIALIZING URS.
[2021-03-24 19:36:14,539] [INFO]: 
[2021-03-24 19:36:15,869] [INFO]: RATE LIMIT DISPLAYED.
[2021-03-24 19:36:15,870] [INFO]: Remaining requests: 396
[2021-03-24 19:36:15,871] [INFO]: Used requests: 204
[2021-03-24 19:36:15,871] [INFO]: 
[2021-03-24 19:36:15,979] [INFO]: Successfully logged in as u/urs_project.
[2021-03-24 19:36:15,979] [INFO]: 
[2021-03-24 19:36:15,979] [INFO]: RUNNING SUBREDDIT SCRAPER.
[2021-03-24 19:36:15,980] [INFO]: 
[2021-03-24 19:36:16,077] [INFO]: Validating Subreddit(s)...
[2021-03-24 19:36:16,078] [INFO]: 
[2021-03-24 19:36:18,844] [INFO]: Including Subreddit rules.
[2021-03-24 19:36:18,844] [INFO]: 
[2021-03-24 19:36:20,415] [INFO]: Getting posts from the past year for Top results.
[2021-03-24 19:36:20,416] [INFO]: Scraping r/wallstreetbets for 10 Top results...
[2021-03-24 19:36:20,416] [INFO]: 
[2021-03-24 19:36:20,416] [INFO]: SUBREDDIT SCRAPER FINISHED IN 4.44 SECONDS.
[2021-03-24 19:36:20,416] [INFO]: 
[2021-03-24 19:36:20,416] [INFO]: Exporting to JSON.
[2021-03-24 19:36:20,416] [INFO]: 
[2021-03-24 19:36:20,416] [INFO]: URS COMPLETED IN 5.88 SECONDS.

[2021-03-24 19:37:11,505] [INFO]: INITIALIZING URS.
[2021-03-24 19:37:11,505] [INFO]: 
[2021-03-24 19:37:11,554] [INFO]: RUNNING FREQUENCIES GENERATOR.
[2021-03-24 19:37:11,555] [INFO]: 
[2021-03-24 19:37:11,555] [INFO]: Generating frequencies for file ../scrapes/03-24-2021/subreddits/cscareerquestions-search-'job'-past-year.json...
[2021-03-24 19:37:11,555] [INFO]: 
[2021-03-24 19:37:12,075] [INFO]: Exporting to JSON.
[2021-03-24 19:37:12,076] [INFO]: 
[2021-03-24 19:37:12,180] [INFO]: FREQUENCIES GENERATOR FINISHED IN 0.63 SECONDS.
[2021-03-24 19:37:12,188] [INFO]: 
[2021-03-24 19:37:12,188] [INFO]: URS COMPLETED IN 0.68 SECONDS.

[2021-03-24 19:49:09,615] [INFO]: INITIALIZING URS.
[2021-03-24 19:49:09,616] [INFO]: 
[2021-03-24 19:49:09,677] [INFO]: RUNNING WORDCLOUD GENERATOR.
[2021-03-24 19:49:09,677] [INFO]: 
[2021-03-24 19:49:09,677] [INFO]: Generating wordcloud for file ../scrapes/03-24-2021/comments/If you’re belly button was a real button, what w---all.json...
[2021-03-24 19:49:09,678] [INFO]: 
[2021-03-24 19:49:21,602] [INFO]: Saved wordcloud to ../scrapes/03-24-2021/analytics/wordclouds/If you’re belly button was a real button, what w---all.png.
[2021-03-24 19:49:21,602] [INFO]: 
[2021-03-24 19:49:21,603] [INFO]: WORDCLOUD GENERATOR FINISHED IN 11.93 SECONDS.
[2021-03-24 19:49:21,604] [INFO]: 
[2021-03-24 19:49:21,604] [INFO]: URS COMPLETED IN 11.99 SECONDS.

