[2021-02-22 16:22:14,757] [INFO]: INITIALIZING URS.
[2021-02-22 16:22:14,757] [INFO]: 
[2021-02-22 16:22:17,022] [INFO]: RATE LIMIT DISPLAYED.
[2021-02-22 16:22:17,022] [INFO]: Remaining requests: 599
[2021-02-22 16:22:17,022] [INFO]: Used requests: 1
[2021-02-22 16:22:17,022] [INFO]: 
[2021-02-22 16:22:17,044] [INFO]: Successfully logged in as u/urs_project.
[2021-02-22 16:22:17,045] [INFO]: 
[2021-02-22 16:22:17,046] [INFO]: RUNNING SUBREDDIT SCRAPER.
[2021-02-22 16:22:17,046] [INFO]: 
[2021-02-22 16:22:22,298] [INFO]: Scraping r/askreddit for 100 Hot results...
[2021-02-22 16:22:22,299] [INFO]: 
[2021-02-22 16:22:22,299] [INFO]: SUBREDDIT SCRAPER FINISHED IN 5.25 SECONDS.
[2021-02-22 16:22:22,299] [INFO]: 
[2021-02-22 16:22:22,299] [INFO]: Exporting to JSON.
[2021-02-22 16:22:22,299] [INFO]: 
[2021-02-22 16:22:22,299] [INFO]: URS COMPLETED IN 7.54 SECONDS.

[2021-02-22 16:24:27,161] [INFO]: INITIALIZING URS.
[2021-02-22 16:24:27,161] [INFO]: 
[2021-02-22 16:24:29,702] [INFO]: RATE LIMIT DISPLAYED.
[2021-02-22 16:24:29,703] [INFO]: Remaining requests: 594
[2021-02-22 16:24:29,703] [INFO]: Used requests: 6
[2021-02-22 16:24:29,703] [INFO]: 
[2021-02-22 16:24:29,722] [INFO]: Successfully logged in as u/urs_project.
[2021-02-22 16:24:29,722] [INFO]: 
[2021-02-22 16:24:29,722] [INFO]: RUNNING REDDITOR SCRAPER.
[2021-02-22 16:24:29,722] [INFO]: 
[2021-02-22 16:25:38,298] [INFO]: Scraping 5 results for u/spez...
[2021-02-22 16:25:38,299] [INFO]: 
[2021-02-22 16:25:38,299] [INFO]: REDDITOR SCRAPER FINISHED IN 68.58 SECONDS.
[2021-02-22 16:25:38,300] [INFO]: 
[2021-02-22 16:25:38,300] [INFO]: Exporting to JSON.
[2021-02-22 16:25:38,300] [INFO]: 
[2021-02-22 16:25:38,301] [INFO]: URS COMPLETED IN 71.14 SECONDS.

[2021-02-22 18:47:20,654] [INFO]: INITIALIZING URS.
[2021-02-22 18:47:20,654] [INFO]: 
[2021-02-22 18:47:21,810] [INFO]: RATE LIMIT DISPLAYED.
[2021-02-22 18:47:21,811] [INFO]: Remaining requests: 599
[2021-02-22 18:47:21,811] [INFO]: Used requests: 1
[2021-02-22 18:47:21,811] [INFO]: 
[2021-02-22 18:47:21,835] [INFO]: Successfully logged in as u/urs_project.
[2021-02-22 18:47:21,835] [INFO]: 
[2021-02-22 18:47:21,835] [INFO]: RUNNING COMMENTS SCRAPER.
[2021-02-22 18:47:21,836] [INFO]: 
[2021-02-22 18:49:06,031] [INFO]: Processing 50 comments in structured format from Reddit post https://www.reddit.com/r/AskReddit/comments/lpdhhy/what_do_you_think_about_adults_that_dont_eat/
[2021-02-22 18:49:06,032] [INFO]: 
[2021-02-22 18:49:06,032] [INFO]: COMMENTS SCRAPER FINISHED IN 104.20 SECONDS.
[2021-02-22 18:49:06,032] [INFO]: 
[2021-02-22 18:49:06,032] [INFO]: Exporting to JSON.
[2021-02-22 18:49:06,033] [INFO]: 
[2021-02-22 18:49:06,033] [INFO]: URS COMPLETED IN 105.38 SECONDS.

[2021-02-22 19:30:03,436] [INFO]: INITIALIZING URS.
[2021-02-22 19:30:03,436] [INFO]: 
[2021-02-22 19:30:05,408] [INFO]: RATE LIMIT DISPLAYED.
[2021-02-22 19:30:05,408] [INFO]: Remaining requests: 599
[2021-02-22 19:30:05,409] [INFO]: Used requests: 1
[2021-02-22 19:30:05,409] [INFO]: 
[2021-02-22 19:30:05,431] [INFO]: Successfully logged in as u/urs_project.
[2021-02-22 19:30:05,431] [INFO]: 
[2021-02-22 19:30:05,432] [INFO]: RUNNING COMMENTS SCRAPER.
[2021-02-22 19:30:05,432] [INFO]: 
[2021-02-22 19:34:30,236] [INFO]: Processing all comments in raw format from Reddit post https://www.reddit.com/r/AskReddit/comments/lpdhhy/what_do_you_think_about_adults_that_dont_eat/
[2021-02-22 19:34:30,236] [INFO]: 
[2021-02-22 19:34:30,236] [INFO]: COMMENTS SCRAPER FINISHED IN 264.80 SECONDS.
[2021-02-22 19:34:30,237] [INFO]: 
[2021-02-22 19:34:30,237] [INFO]: Exporting to JSON.
[2021-02-22 19:34:30,237] [INFO]: 
[2021-02-22 19:34:30,237] [INFO]: URS COMPLETED IN 266.80 SECONDS.

[2021-02-22 20:11:10,506] [INFO]: INITIALIZING URS.
[2021-02-22 20:11:10,506] [INFO]: 
[2021-02-22 20:11:10,537] [INFO]: RUNNING FREQUENCIES GENERATOR.
[2021-02-22 20:11:10,537] [INFO]: 
[2021-02-22 20:11:10,538] [INFO]: Generating frequencies for file /home/joseph/URS/scrapes/02-22-2021/subreddits/askreddit-hot-100-results.json...
[2021-02-22 20:11:10,538] [INFO]: 
[2021-02-22 20:11:10,616] [INFO]: Exporting to JSON.
[2021-02-22 20:11:10,617] [INFO]: 
[2021-02-22 20:11:10,671] [INFO]: FREQUENCIES GENERATOR FINISHED IN 0.13 SECONDS.
[2021-02-22 20:11:10,671] [INFO]: 
[2021-02-22 20:11:10,671] [INFO]: URS COMPLETED IN 0.16 SECONDS.

[2021-02-22 20:27:43,960] [INFO]: INITIALIZING URS.
[2021-02-22 20:27:43,960] [INFO]: 
[2021-02-22 20:27:43,996] [INFO]: RUNNING WORDCLOUD GENERATOR.
[2021-02-22 20:27:43,996] [INFO]: 
[2021-02-22 20:27:43,996] [INFO]: Generating wordcloud for file /home/joseph/URS/scrapes/02-22-2021/comments/What do you think about adults that don’t eat ve---RAW.json...
[2021-02-22 20:27:43,996] [INFO]: 
[2021-02-22 20:27:53,915] [INFO]: Saved wordcloud to /home/joseph/URS/scrapes/02-22-2021/analytics/wordclouds/What do you think about adults that don’t eat ve---RAW.png.
[2021-02-22 20:27:53,915] [INFO]: 
[2021-02-22 20:27:53,916] [INFO]: WORDCLOUD GENERATOR FINISHED IN 9.92 SECONDS.
[2021-02-22 20:27:53,916] [INFO]: 
[2021-02-22 20:27:53,916] [INFO]: URS COMPLETED IN 9.96 SECONDS.

[2021-02-22 21:09:43,211] [INFO]: INITIALIZING URS.
[2021-02-22 21:09:43,211] [INFO]: 
[2021-02-22 21:09:44,097] [INFO]: RATE LIMIT DISPLAYED.
[2021-02-22 21:09:44,097] [INFO]: Remaining requests: 599
[2021-02-22 21:09:44,097] [INFO]: Used requests: 1
[2021-02-22 21:09:44,097] [INFO]: 
[2021-02-22 21:09:44,111] [INFO]: Successfully logged in as u/urs_project.
[2021-02-22 21:09:44,112] [INFO]: 
[2021-02-22 21:09:44,112] [INFO]: RUNNING SUBREDDIT SCRAPER.
[2021-02-22 21:09:44,112] [INFO]: 
[2021-02-22 21:09:46,640] [INFO]: Including Subreddit rules...
[2021-02-22 21:09:46,640] [INFO]: 
[2021-02-22 21:09:52,231] [INFO]: Getting posts from the past month for Search results.
[2021-02-22 21:09:52,231] [INFO]: Searching and scraping r/wallstreetbets for posts containing 'robinhood'...
[2021-02-22 21:09:52,231] [INFO]: 
[2021-02-22 21:09:52,231] [INFO]: SUBREDDIT SCRAPER FINISHED IN 8.12 SECONDS.
[2021-02-22 21:09:52,231] [INFO]: 
[2021-02-22 21:09:52,231] [INFO]: Exporting to JSON.
[2021-02-22 21:09:52,231] [INFO]: 
[2021-02-22 21:09:52,232] [INFO]: URS COMPLETED IN 9.02 SECONDS.

[2021-02-22 21:12:43,503] [INFO]: INITIALIZING URS.
[2021-02-22 21:12:43,503] [INFO]: 
[2021-02-22 21:12:44,529] [INFO]: RATE LIMIT DISPLAYED.
[2021-02-22 21:12:44,530] [INFO]: Remaining requests: 599
[2021-02-22 21:12:44,530] [INFO]: Used requests: 1
[2021-02-22 21:12:44,530] [INFO]: 
[2021-02-22 21:12:44,549] [INFO]: Successfully logged in as u/urs_project.
[2021-02-22 21:12:44,550] [INFO]: 
[2021-02-22 21:12:44,550] [INFO]: RUNNING SUBREDDIT SCRAPER.
[2021-02-22 21:12:44,550] [INFO]: 
[2021-02-22 21:12:47,640] [INFO]: Scraping r/askreddit for 100 Hot results...
[2021-02-22 21:12:47,640] [INFO]: 
[2021-02-22 21:12:47,640] [INFO]: SUBREDDIT SCRAPER FINISHED IN 3.09 SECONDS.
[2021-02-22 21:12:47,640] [INFO]: 
[2021-02-22 21:12:47,640] [INFO]: Exporting to CSV.
[2021-02-22 21:12:47,640] [INFO]: 
[2021-02-22 21:12:47,641] [INFO]: URS COMPLETED IN 4.14 SECONDS.

[2021-02-22 21:14:29,646] [INFO]: INITIALIZING URS.
[2021-02-22 21:14:29,647] [INFO]: 
[2021-02-22 21:14:29,674] [INFO]: RUNNING FREQUENCIES GENERATOR.
[2021-02-22 21:14:29,674] [INFO]: 
[2021-02-22 21:14:29,674] [INFO]: Generating frequencies for file /home/joseph/URS/scrapes/02-22-2021/subreddits/askreddit-hot-100-results.json...
[2021-02-22 21:14:29,674] [INFO]: 
[2021-02-22 21:14:29,732] [INFO]: Exporting to CSV.
[2021-02-22 21:14:29,732] [INFO]: 
[2021-02-22 21:14:29,777] [INFO]: FREQUENCIES GENERATOR FINISHED IN 0.10 SECONDS.
[2021-02-22 21:14:29,777] [INFO]: 
[2021-02-22 21:14:29,777] [INFO]: URS COMPLETED IN 0.13 SECONDS.

[2021-02-22 21:18:47,408] [INFO]: INITIALIZING URS.
[2021-02-22 21:18:47,409] [INFO]: 
[2021-02-22 21:18:47,425] [INFO]: RUNNING WORDCLOUD GENERATOR.
[2021-02-22 21:18:47,425] [INFO]: 
[2021-02-22 21:18:47,425] [INFO]: Generating wordcloud for file /home/joseph/URS/scrapes/02-22-2021/redditors/spez-5-results.json...
[2021-02-22 21:18:47,425] [INFO]: 
[2021-02-22 21:18:54,464] [INFO]: Saved wordcloud to /home/joseph/URS/scrapes/02-22-2021/analytics/wordclouds/spez-5-results.png.
[2021-02-22 21:18:54,464] [INFO]: 
[2021-02-22 21:18:54,464] [INFO]: WORDCLOUD GENERATOR FINISHED IN 7.04 SECONDS.
[2021-02-22 21:18:54,464] [INFO]: 
[2021-02-22 21:18:54,464] [INFO]: URS COMPLETED IN 7.06 SECONDS.

