[2021-02-24 16:47:55,829] [INFO]: INITIALIZING URS.
[2021-02-24 16:47:55,830] [INFO]: 
[2021-02-24 16:47:56,861] [INFO]: RATE LIMIT DISPLAYED.
[2021-02-24 16:47:56,862] [INFO]: Remaining requests: 578
[2021-02-24 16:47:56,863] [INFO]: Used requests: 22
[2021-02-24 16:47:56,864] [INFO]: 
[2021-02-24 16:47:56,911] [INFO]: Successfully logged in as u/urs_project.
[2021-02-24 16:47:56,912] [INFO]: 
[2021-02-24 16:47:56,913] [INFO]: RUNNING SUBREDDIT SCRAPER.
[2021-02-24 16:47:56,913] [INFO]: 
[2021-02-24 16:47:56,992] [INFO]: Validating Subreddits...
[2021-02-24 16:47:56,993] [INFO]: 
[2021-02-24 16:48:01,177] [INFO]: Scraping r/askreddit for 100 Hot results...
[2021-02-24 16:48:01,178] [INFO]: 
[2021-02-24 16:48:01,179] [INFO]: SUBREDDIT SCRAPER FINISHED IN 4.27 SECONDS.
[2021-02-24 16:48:01,179] [INFO]: 
[2021-02-24 16:48:01,180] [INFO]: Exporting to JSON.
[2021-02-24 16:48:01,180] [INFO]: 
[2021-02-24 16:48:01,181] [INFO]: URS COMPLETED IN 5.35 SECONDS.

[2021-02-24 16:48:18,165] [INFO]: INITIALIZING URS.
[2021-02-24 16:48:18,165] [INFO]: 
[2021-02-24 16:48:19,003] [INFO]: RATE LIMIT DISPLAYED.
[2021-02-24 16:48:19,003] [INFO]: Remaining requests: 573
[2021-02-24 16:48:19,003] [INFO]: Used requests: 27
[2021-02-24 16:48:19,003] [INFO]: 
[2021-02-24 16:48:19,027] [INFO]: Successfully logged in as u/urs_project.
[2021-02-24 16:48:19,028] [INFO]: 
[2021-02-24 16:48:19,028] [INFO]: RUNNING REDDITOR SCRAPER.
[2021-02-24 16:48:19,028] [INFO]: 
[2021-02-24 16:48:19,093] [INFO]: Validating Redditors...
[2021-02-24 16:48:19,093] [INFO]: 
[2021-02-24 16:49:17,134] [INFO]: Scraping 5 results for u/spez...
[2021-02-24 16:49:17,134] [INFO]: 
[2021-02-24 16:49:17,135] [INFO]: REDDITOR SCRAPER FINISHED IN 58.11 SECONDS.
[2021-02-24 16:49:17,135] [INFO]: 
[2021-02-24 16:49:17,136] [INFO]: Exporting to JSON.
[2021-02-24 16:49:17,136] [INFO]: 
[2021-02-24 16:49:17,136] [INFO]: URS COMPLETED IN 58.97 SECONDS.

[2021-02-24 16:51:12,681] [INFO]: INITIALIZING URS.
[2021-02-24 16:51:12,681] [INFO]: 
[2021-02-24 16:51:13,641] [INFO]: RATE LIMIT DISPLAYED.
[2021-02-24 16:51:13,641] [INFO]: Remaining requests: 598
[2021-02-24 16:51:13,642] [INFO]: Used requests: 2
[2021-02-24 16:51:13,642] [INFO]: 
[2021-02-24 16:51:13,692] [INFO]: Successfully logged in as u/urs_project.
[2021-02-24 16:51:13,694] [INFO]: 
[2021-02-24 16:51:13,694] [INFO]: RUNNING COMMENTS SCRAPER.
[2021-02-24 16:51:13,695] [INFO]: 
[2021-02-24 16:51:13,787] [INFO]: Validating submissions...
[2021-02-24 16:51:13,788] [INFO]: 
[2021-02-24 16:54:35,912] [INFO]: Processing 50 results in structured format from Reddit post https://www.reddit.com/r/AskReddit/comments/lpdhhy/what_do_you_think_about_adults_that_dont_eat/...
[2021-02-24 16:54:35,913] [INFO]: 
[2021-02-24 16:54:35,914] [INFO]: COMMENTS SCRAPER FINISHED IN 202.22 SECONDS.
[2021-02-24 16:54:35,915] [INFO]: 
[2021-02-24 16:54:35,915] [INFO]: Exporting to JSON.
[2021-02-24 16:54:35,915] [INFO]: 
[2021-02-24 16:54:35,915] [INFO]: URS COMPLETED IN 203.23 SECONDS.

[2021-02-24 17:21:35,723] [INFO]: INITIALIZING URS.
[2021-02-24 17:21:35,723] [INFO]: 
[2021-02-24 17:21:36,971] [INFO]: RATE LIMIT DISPLAYED.
[2021-02-24 17:21:36,972] [INFO]: Remaining requests: 599
[2021-02-24 17:21:36,972] [INFO]: Used requests: 1
[2021-02-24 17:21:36,972] [INFO]: 
[2021-02-24 17:21:36,995] [INFO]: Successfully logged in as u/urs_project.
[2021-02-24 17:21:36,996] [INFO]: 
[2021-02-24 17:21:36,996] [INFO]: RUNNING COMMENTS SCRAPER.
[2021-02-24 17:21:36,996] [INFO]: 
[2021-02-24 17:21:37,050] [INFO]: Validating submissions...
[2021-02-24 17:21:37,051] [INFO]: 
[2021-02-24 17:24:34,019] [INFO]: Processing all comments in raw format from Reddit post https://www.reddit.com/r/AskReddit/comments/lpdhhy/what_do_you_think_about_adults_that_dont_eat/...
[2021-02-24 17:24:34,020] [INFO]: 
[2021-02-24 17:24:34,021] [INFO]: COMMENTS SCRAPER FINISHED IN 177.02 SECONDS.
[2021-02-24 17:24:34,021] [INFO]: 
[2021-02-24 17:24:34,022] [INFO]: Exporting to JSON.
[2021-02-24 17:24:34,022] [INFO]: 
[2021-02-24 17:24:34,022] [INFO]: URS COMPLETED IN 178.30 SECONDS.

[2021-02-24 17:31:30,116] [INFO]: INITIALIZING URS.
[2021-02-24 17:31:30,116] [INFO]: 
[2021-02-24 17:31:30,137] [INFO]: RUNNING FREQUENCIES GENERATOR.
[2021-02-24 17:31:30,137] [INFO]: 
[2021-02-24 17:31:30,137] [INFO]: Generating frequencies for file /home/joseph/URS/scrapes/02-24-2021/subreddits/askreddit-hot-100-results.json...
[2021-02-24 17:31:30,137] [INFO]: 
[2021-02-24 17:31:30,194] [INFO]: Exporting to JSON.
[2021-02-24 17:31:30,194] [INFO]: 
[2021-02-24 17:31:30,252] [INFO]: FREQUENCIES GENERATOR FINISHED IN 0.12 SECONDS.
[2021-02-24 17:31:30,253] [INFO]: 
[2021-02-24 17:31:30,254] [INFO]: URS COMPLETED IN 0.14 SECONDS.

[2021-02-24 17:32:29,348] [INFO]: INITIALIZING URS.
[2021-02-24 17:32:29,348] [INFO]: 
[2021-02-24 17:32:29,370] [INFO]: RUNNING WORDCLOUD GENERATOR.
[2021-02-24 17:32:29,370] [INFO]: 
[2021-02-24 17:32:29,371] [INFO]: Generating wordcloud for file /home/joseph/URS/scrapes/02-24-2021/comments/What do you think about adults that don’t eat ve---RAW.json...
[2021-02-24 17:32:29,371] [INFO]: 
[2021-02-24 17:32:37,981] [INFO]: Saved wordcloud to /home/joseph/URS/scrapes/02-24-2021/analytics/wordclouds/What do you think about adults that don’t eat ve---RAW.png.
[2021-02-24 17:32:37,981] [INFO]: 
[2021-02-24 17:32:37,982] [INFO]: WORDCLOUD GENERATOR FINISHED IN 8.61 SECONDS.
[2021-02-24 17:32:37,983] [INFO]: 
[2021-02-24 17:32:37,983] [INFO]: URS COMPLETED IN 8.64 SECONDS.

[2021-02-24 17:34:48,860] [INFO]: INITIALIZING URS.
[2021-02-24 17:34:48,860] [INFO]: 
[2021-02-24 17:34:49,766] [INFO]: RATE LIMIT DISPLAYED.
[2021-02-24 17:34:49,768] [INFO]: Remaining requests: 599
[2021-02-24 17:34:49,769] [INFO]: Used requests: 1
[2021-02-24 17:34:49,769] [INFO]: 
[2021-02-24 17:34:49,816] [INFO]: Successfully logged in as u/urs_project.
[2021-02-24 17:34:49,817] [INFO]: 
[2021-02-24 17:34:49,818] [INFO]: RUNNING SUBREDDIT SCRAPER.
[2021-02-24 17:34:49,819] [INFO]: 
[2021-02-24 17:34:49,892] [INFO]: Validating Subreddits...
[2021-02-24 17:34:49,892] [INFO]: 
[2021-02-24 17:34:52,796] [INFO]: Scraping r/askreddit for 100 Hot results...
[2021-02-24 17:34:52,796] [INFO]: 
[2021-02-24 17:34:52,797] [INFO]: SUBREDDIT SCRAPER FINISHED IN 2.98 SECONDS.
[2021-02-24 17:34:52,798] [INFO]: 
[2021-02-24 17:34:52,798] [INFO]: Exporting to CSV.
[2021-02-24 17:34:52,798] [INFO]: 
[2021-02-24 17:34:52,799] [INFO]: URS COMPLETED IN 3.94 SECONDS.

[2021-02-24 17:36:52,852] [INFO]: INITIALIZING URS.
[2021-02-24 17:36:52,852] [INFO]: 
[2021-02-24 17:36:53,650] [INFO]: RATE LIMIT DISPLAYED.
[2021-02-24 17:36:53,652] [INFO]: Remaining requests: 594
[2021-02-24 17:36:53,652] [INFO]: Used requests: 6
[2021-02-24 17:36:53,653] [INFO]: 
[2021-02-24 17:36:53,680] [INFO]: Successfully logged in as u/urs_project.
[2021-02-24 17:36:53,681] [INFO]: 
[2021-02-24 17:36:53,681] [INFO]: RUNNING SUBREDDIT SCRAPER.
[2021-02-24 17:36:53,681] [INFO]: 
[2021-02-24 17:36:53,741] [INFO]: Validating Subreddits...
[2021-02-24 17:36:53,741] [INFO]: 
[2021-02-24 17:36:56,983] [INFO]: Getting posts from the past year for Search results.
[2021-02-24 17:36:56,984] [INFO]: Searching and scraping r/cscareerquestions for posts containing 'job'...
[2021-02-24 17:36:56,984] [INFO]: 
[2021-02-24 17:36:56,985] [INFO]: SUBREDDIT SCRAPER FINISHED IN 3.30 SECONDS.
[2021-02-24 17:36:56,986] [INFO]: 
[2021-02-24 17:36:56,986] [INFO]: Exporting to JSON.
[2021-02-24 17:36:56,986] [INFO]: 
[2021-02-24 17:36:56,986] [INFO]: URS COMPLETED IN 4.13 SECONDS.

[2021-02-24 17:37:36,703] [INFO]: INITIALIZING URS.
[2021-02-24 17:37:36,703] [INFO]: 
[2021-02-24 17:37:37,754] [INFO]: RATE LIMIT DISPLAYED.
[2021-02-24 17:37:37,755] [INFO]: Remaining requests: 589
[2021-02-24 17:37:37,764] [INFO]: Used requests: 11
[2021-02-24 17:37:37,764] [INFO]: 
[2021-02-24 17:37:37,812] [INFO]: Successfully logged in as u/urs_project.
[2021-02-24 17:37:37,813] [INFO]: 
[2021-02-24 17:37:37,814] [INFO]: RUNNING SUBREDDIT SCRAPER.
[2021-02-24 17:37:37,814] [INFO]: 
[2021-02-24 17:37:37,887] [INFO]: Validating Subreddits...
[2021-02-24 17:37:37,887] [INFO]: 
[2021-02-24 17:37:40,141] [INFO]: Including Subreddit rules...
[2021-02-24 17:37:40,142] [INFO]: 
[2021-02-24 17:37:41,396] [INFO]: Getting posts from the past month for Top results.
[2021-02-24 17:37:41,396] [INFO]: Scraping r/wallstreetbets for 5 Top results...
[2021-02-24 17:37:41,396] [INFO]: 
[2021-02-24 17:37:41,396] [INFO]: SUBREDDIT SCRAPER FINISHED IN 3.58 SECONDS.
[2021-02-24 17:37:41,397] [INFO]: 
[2021-02-24 17:37:41,397] [INFO]: Exporting to JSON.
[2021-02-24 17:37:41,397] [INFO]: 
[2021-02-24 17:37:41,397] [INFO]: URS COMPLETED IN 4.69 SECONDS.

[2021-02-24 17:40:45,618] [INFO]: INITIALIZING URS.
[2021-02-24 17:40:45,618] [INFO]: 
[2021-02-24 17:40:45,641] [INFO]: RUNNING WORDCLOUD GENERATOR.
[2021-02-24 17:40:45,641] [INFO]: 
[2021-02-24 17:40:45,641] [INFO]: Generating wordcloud for file /home/joseph/Computer Science Projects/Python/URS/scrapes/02-24-2021/subreddits/cscareerquestions-search-'job'-past-year.json...
[2021-02-24 17:40:45,642] [INFO]: 
[2021-02-24 17:40:53,155] [INFO]: Saved wordcloud to /home/joseph/Computer Science Projects/Python/URS/scrapes/02-24-2021/analytics/wordclouds/cscareerquestions-search-'job'-past-year.png.
[2021-02-24 17:40:53,156] [INFO]: 
[2021-02-24 17:40:53,157] [INFO]: WORDCLOUD GENERATOR FINISHED IN 7.52 SECONDS.
[2021-02-24 17:40:53,157] [INFO]: 
[2021-02-24 17:40:53,157] [INFO]: URS COMPLETED IN 7.54 SECONDS.

[2021-02-24 17:44:44,453] [INFO]: INITIALIZING URS.
[2021-02-24 17:44:44,453] [INFO]: 
[2021-02-24 17:44:44,472] [INFO]: RUNNING FREQUENCIES GENERATOR.
[2021-02-24 17:44:44,473] [INFO]: 
[2021-02-24 17:44:44,473] [INFO]: Generating frequencies for file /home/joseph/Computer Science Projects/Python/URS/scrapes/02-24-2021/subreddits/askreddit-hot-100-results.json...
[2021-02-24 17:44:44,473] [INFO]: 
[2021-02-24 17:44:44,542] [INFO]: Exporting to CSV.
[2021-02-24 17:44:44,543] [INFO]: 
[2021-02-24 17:44:44,605] [INFO]: FREQUENCIES GENERATOR FINISHED IN 0.13 SECONDS.
[2021-02-24 17:44:44,606] [INFO]: 
[2021-02-24 17:44:44,607] [INFO]: URS COMPLETED IN 0.15 SECONDS.

