*NOTE: Lines starting with `###` are just comments explaining the different types of log messages you might see when using URS. You will not see these comments in your log file.

### The message if you use the help flag or do not enter any args.

[2020-06-20 18:23:15,268] [INFO]: Initializing URS...
[2020-06-20 18:23:15,268] [INFO]: 
[2020-06-20 18:23:15,287] [INFO]: HELP WAS DISPLAYED.

### The error message if you provide invalid PRAW credentials.

[2020-06-14 20:08:34,450] [INFO]: Initializing URS...
[2020-06-14 20:08:34,450] [INFO]: 
[2020-06-14 20:08:35,151] [CRITICAL]: LOGIN FAILED.
[2020-06-14 20:08:35,151] [CRITICAL]: PRAWCORE EXCEPTION: received 401 HTTP response.

### The error message if you provide valid PRAW credentials but enter invalid arguments.

[2020-06-14 20:09:12,403] [INFO]: Initializing URS...
[2020-06-14 20:09:12,403] [INFO]: 
[2020-06-14 20:09:13,122] [INFO]: Successfully logged in as u/urs_project
[2020-06-14 20:09:13,122] [INFO]: 
[2020-06-14 20:09:13,134] [CRITICAL]: INVALID ARGUMENTS GIVEN.

### The error message if you have reached your rate limit. An example date is given.

[2020-06-20 17:56:50,651] [INFO]: Initializing URS...
[2020-06-20 17:56:50,651] [INFO]: 
[2020-06-20 17:56:51,532] [CRITICAL]: RATE LIMIT REACHED. RATE LIMIT WILL RESET AT 06-15-2020 18:00:00.

### The message if you decide to decline current Subreddit scraping settings.

[2020-06-14 20:09:24,547] [INFO]: Initializing URS...
[2020-06-14 20:09:24,547] [INFO]: 
[2020-06-14 20:09:25,425] [INFO]: Successfully logged in as u/urs_project
[2020-06-14 20:09:25,425] [INFO]: 
[2020-06-14 20:09:25,425] [INFO]: Running Subreddit scraper...
[2020-06-14 20:09:28,034] [INFO]: 
[2020-06-14 20:09:28,034] [INFO]: SUBREDDIT SCRAPING CANCELLED BY USER.

### Normal operation log.

[2020-06-14 20:09:37,578] [INFO]: Initializing URS...
[2020-06-14 20:09:37,578] [INFO]: 
[2020-06-14 20:09:38,416] [INFO]: Successfully logged in as u/urs_project
[2020-06-14 20:09:38,416] [INFO]: 
[2020-06-14 20:09:38,416] [INFO]: Running Subreddit scraper...
[2020-06-14 20:09:42,420] [INFO]: Scraping r/askreddit for Hot 10 results...
[2020-06-14 20:09:42,421] [INFO]: Scraping r/dankmemes for Top 15 results...
[2020-06-14 20:09:42,421] [INFO]: Searching and scraping r/news for posts containing 'united states of america'...
[2020-06-14 20:09:42,421] [INFO]: Subreddit scraper finished in 4.00 seconds.
[2020-06-14 20:09:42,421] [INFO]: 
[2020-06-14 20:09:42,421] [INFO]: Exporting to JSON.
[2020-06-14 20:09:42,421] [INFO]: 
[2020-06-14 20:09:42,422] [INFO]: Running Redditor scraper...
[2020-06-14 20:11:10,099] [INFO]: Scraping 5 results for u/spez...
[2020-06-14 20:11:10,100] [INFO]: Redditor scraper finished in 87.68 seconds.
[2020-06-14 20:11:10,100] [INFO]: 
[2020-06-14 20:11:10,100] [INFO]: Exporting to JSON.
[2020-06-14 20:11:10,100] [INFO]: 
[2020-06-14 20:11:10,100] [INFO]: Running Comments scraper...
[2020-06-14 20:26:36,505] [INFO]: Processing 10 comments in structured format from Reddit post https://www.reddit.com/r/AskReddit/comments/h8usbp/which_cartoon_character_had_the_best_character/
[2020-06-14 20:26:36,505] [INFO]: Comments scraper finished in 926.41 seconds.
[2020-06-14 20:26:36,506] [INFO]: 
[2020-06-14 20:26:36,506] [INFO]: Exporting to JSON.
[2020-06-14 20:26:36,506] [INFO]: 
[2020-06-14 20:26:36,506] [INFO]: URS completed scrapes in 1018.93 seconds.

### Message for raw comments export (structured export example above).

[2020-06-14 20:32:28,649] [INFO]: Initializing URS...
[2020-06-14 20:32:28,649] [INFO]: 
[2020-06-14 20:32:29,342] [INFO]: Successfully logged in as u/urs_project
[2020-06-14 20:32:29,342] [INFO]: 
[2020-06-14 20:32:29,343] [INFO]: Running Comments scraper...
[2020-06-14 20:45:46,910] [INFO]: Processing all comments in raw format from Reddit post https://www.reddit.com/r/AskReddit/comments/h8usbp/which_cartoon_character_had_the_best_character/
[2020-06-14 20:45:46,911] [INFO]: Comments scraper finished in 797.57 seconds.
[2020-06-14 20:45:46,912] [INFO]: 
[2020-06-14 20:45:46,912] [INFO]: Exporting to JSON.
[2020-06-14 20:45:46,912] [INFO]: 
[2020-06-14 20:45:46,913] [INFO]: URS completed scrapes in 798.26 seconds.
