[2021-02-05 17:23:44,946] [INFO]: INITIALIZING URS.
[2021-02-05 17:23:44,946] [INFO]: 
[2021-02-05 17:23:45,836] [INFO]: Successfully logged in as u/urs_project.
[2021-02-05 17:23:45,837] [INFO]: 
[2021-02-05 17:23:45,840] [INFO]: RUNNING SUBREDDIT SCRAPER.
[2021-02-05 17:23:45,840] [INFO]: 
[2021-02-05 17:23:50,223] [INFO]: Scraping r/askreddit for 100 Hot results...
[2021-02-05 17:23:50,223] [INFO]: 
[2021-02-05 17:23:50,223] [INFO]: SUBREDDIT SCRAPER FINISHED IN 4.38 SECONDS.
[2021-02-05 17:23:50,223] [INFO]: 
[2021-02-05 17:23:50,223] [INFO]: Exporting to JSON.
[2021-02-05 17:23:50,223] [INFO]: 
[2021-02-05 17:23:50,223] [INFO]: URS COMPLETED SCRAPES IN 5.28 SECONDS.

[2021-02-05 17:26:02,225] [INFO]: INITIALIZING URS.
[2021-02-05 17:26:02,225] [INFO]: 
[2021-02-05 17:26:03,441] [INFO]: Successfully logged in as u/urs_project.
[2021-02-05 17:26:03,442] [INFO]: 
[2021-02-05 17:26:03,456] [INFO]: RUNNING REDDITOR SCRAPER.
[2021-02-05 17:26:03,456] [INFO]: 
[2021-02-05 17:27:00,636] [INFO]: Scraping 5 results for u/spez...
[2021-02-05 17:27:00,636] [INFO]: 
[2021-02-05 17:27:00,636] [INFO]: REDDITOR SCRAPER FINISHED IN 57.18 SECONDS.
[2021-02-05 17:27:00,636] [INFO]: 
[2021-02-05 17:27:00,636] [INFO]: Exporting to JSON.
[2021-02-05 17:27:00,636] [INFO]: 
[2021-02-05 17:27:00,636] [INFO]: URS COMPLETED SCRAPES IN 58.41 SECONDS.

[2021-02-05 19:16:48,157] [INFO]: INITIALIZING URS.
[2021-02-05 19:16:48,157] [INFO]: 
[2021-02-05 19:16:49,103] [INFO]: Successfully logged in as u/urs_project.
[2021-02-05 19:16:49,103] [INFO]: 
[2021-02-05 19:16:49,106] [INFO]: RUNNING COMMENTS SCRAPER.
[2021-02-05 19:16:49,107] [INFO]: 
[2021-02-05 19:17:24,188] [INFO]: Processing 5 comments in structured format from Reddit post https://www.reddit.com/r/wallstreetbets/comments/ld5rd9/evidence_pointing_to_shorts_did_not_cover/
[2021-02-05 19:17:24,188] [INFO]: 
[2021-02-05 19:17:24,188] [INFO]: COMMENTS SCRAPER FINISHED IN 35.08 SECONDS.
[2021-02-05 19:17:24,188] [INFO]: 
[2021-02-05 19:17:24,188] [INFO]: Exporting to JSON.
[2021-02-05 19:17:24,189] [INFO]: 
[2021-02-05 19:17:24,189] [INFO]: URS COMPLETED SCRAPES IN 36.03 SECONDS.

[2021-02-05 19:20:31,988] [INFO]: INITIALIZING URS.
[2021-02-05 19:20:31,988] [INFO]: 
[2021-02-05 19:20:32,956] [INFO]: Successfully logged in as u/urs_project.
[2021-02-05 19:20:32,956] [INFO]: 
[2021-02-05 19:20:32,957] [INFO]: RUNNING COMMENTS SCRAPER.
[2021-02-05 19:20:32,957] [INFO]: 
[2021-02-05 19:21:52,617] [INFO]: Processing all comments in raw format from Reddit post https://www.reddit.com/r/wallstreetbets/comments/ld5rd9/evidence_pointing_to_shorts_did_not_cover/
[2021-02-05 19:21:52,617] [INFO]: 
[2021-02-05 19:21:52,618] [INFO]: COMMENTS SCRAPER FINISHED IN 79.66 SECONDS.
[2021-02-05 19:21:52,618] [INFO]: 
[2021-02-05 19:21:52,618] [INFO]: Exporting to JSON.
[2021-02-05 19:21:52,618] [INFO]: 
[2021-02-05 19:21:52,618] [INFO]: URS COMPLETED SCRAPES IN 80.63 SECONDS.

